{
  "RSpec": {
    "coverage": {
      "/Users/marcusgardiner/Desktop/Projects/tech_test_week/bank_tech_test/spec/bank_account_spec.rb": [
        1,
        null,
        1,
        1,
        2,
        null,
        null,
        1,
        1,
        1,
        1,
        null,
        null,
        1,
        2,
        null,
        null,
        1,
        1,
        1,
        null,
        null,
        null,
        1,
        1,
        1,
        1,
        1,
        null,
        null,
        1,
        1,
        2,
        null,
        null,
        1,
        1,
        1,
        null,
        null,
        null,
        1,
        1,
        1,
        1,
        1,
        null,
        null,
        null
      ],
      "/Users/marcusgardiner/Desktop/Projects/tech_test_week/bank_tech_test/lib/bank_account.rb": [
        1,
        null,
        1,
        null,
        1,
        null,
        1,
        8,
        null,
        null,
        1,
        5,
        5,
        null,
        null,
        1,
        5,
        5,
        null,
        null,
        1,
        2,
        null,
        null,
        1,
        null,
        1,
        2,
        null,
        null,
        null
      ],
      "/Users/marcusgardiner/Desktop/Projects/tech_test_week/bank_tech_test/lib/transactions.rb": [
        1,
        1,
        null,
        1,
        1,
        null,
        1,
        null,
        null,
        null,
        null,
        null,
        null,
        1,
        22,
        22,
        22,
        null,
        null,
        1,
        15,
        11,
        11,
        null,
        null,
        1,
        7,
        6,
        5,
        5,
        null,
        null,
        1,
        2,
        null,
        null,
        1,
        null,
        1,
        16,
        null,
        null,
        1,
        16,
        null,
        null,
        1,
        22,
        1,
        null,
        21,
        19,
        19,
        2,
        2,
        null,
        null,
        null,
        1,
        19,
        17,
        null,
        null,
        1,
        6,
        null,
        null
      ],
      "/Users/marcusgardiner/Desktop/Projects/tech_test_week/bank_tech_test/lib/statement_printer.rb": [
        1,
        1,
        4,
        4,
        8,
        null,
        null,
        null,
        1,
        null,
        1,
        4,
        null,
        null,
        1,
        8,
        4,
        null,
        4,
        null,
        null,
        null,
        1,
        8,
        null,
        null,
        1,
        16,
        null,
        null
      ],
      "/Users/marcusgardiner/Desktop/Projects/tech_test_week/bank_tech_test/spec/features/deposit_withdraw_print_statement_spec.rb": [
        1,
        null,
        1,
        1,
        1,
        1,
        1,
        1,
        1,
        2,
        null,
        null
      ],
      "/Users/marcusgardiner/Desktop/Projects/tech_test_week/bank_tech_test/spec/statement_printer_spec.rb": [
        1,
        null,
        1,
        3,
        3,
        2,
        2,
        2,
        null,
        1,
        1,
        2,
        null,
        null,
        1,
        2,
        null,
        null,
        null,
        1,
        2,
        null,
        null
      ],
      "/Users/marcusgardiner/Desktop/Projects/tech_test_week/bank_tech_test/spec/transactions_spec.rb": [
        1,
        null,
        1,
        1,
        6,
        6,
        null,
        null,
        1,
        3,
        3,
        null,
        null,
        1,
        1,
        1,
        null,
        null,
        null,
        1,
        1,
        1,
        null,
        null,
        null,
        1,
        1,
        1,
        null,
        null,
        null,
        1,
        1,
        1,
        null,
        1,
        1,
        null,
        null,
        null,
        1,
        2,
        1,
        1,
        1,
        1,
        null,
        null,
        null,
        1,
        7,
        null,
        1,
        2,
        null,
        null,
        1,
        2,
        null,
        null,
        1,
        2,
        null,
        null,
        1,
        2,
        null,
        null,
        1,
        2,
        null,
        null,
        1,
        2,
        null,
        null,
        1,
        2,
        null,
        null,
        1,
        2,
        null,
        null,
        null
      ]
    },
    "timestamp": 1522146585
  }
}
