{
  "RSpec": {
    "coverage": {
      "/Users/marcusgardiner/Desktop/Projects/tech_test_week/bank_tech_test/spec/bank_account_spec.rb": [
        1,
        null,
        1,
        1,
        6,
        6,
        null,
        null,
        1,
        2,
        2,
        null,
        null,
        1,
        2,
        null,
        null,
        1,
        1,
        1,
        null,
        null,
        null,
        1,
        1,
        1,
        null,
        null,
        1,
        1,
        1,
        null,
        null,
        null,
        1,
        1,
        1,
        null,
        null,
        1,
        1,
        1,
        null,
        null,
        1,
        2,
        null,
        null,
        null,
        1,
        1,
        2,
        null,
        null,
        1,
        2,
        null,
        null,
        1,
        2,
        null,
        null,
        1,
        2,
        null,
        null,
        1,
        2,
        null,
        null,
        1,
        2,
        null,
        null,
        1,
        2,
        null,
        null,
        null,
        1,
        1,
        1,
        null,
        1,
        1,
        null,
        null,
        null
      ],
      "/Users/marcusgardiner/Desktop/Projects/tech_test_week/bank_tech_test/lib/bank_account.rb": [
        1,
        null,
        1,
        1,
        null,
        1,
        15,
        15,
        null,
        null,
        1,
        13,
        9,
        9,
        null,
        null,
        1,
        5,
        4,
        3,
        3,
        null,
        null,
        1,
        null,
        1,
        12,
        null,
        null,
        1,
        12,
        null,
        null,
        1,
        7,
        null,
        null,
        1,
        18,
        1,
        null,
        17,
        15,
        15,
        13,
        2,
        2,
        null,
        null,
        null,
        1,
        4,
        null,
        null
      ]
    },
    "timestamp": 1522078489
  }
}
